
> bimble@0.1.0 dev
> next dev

▲ Next.js 16.2.2 (Turbopack)
- Local:         http://localhost:3000
- Network:       http://172.16.172.142:3000
- Environments: .env.local
✓ Ready in 799ms

 GET / 200 in 697ms (next.js: 271ms, application-code: 426ms)
 GET / 200 in 245ms (next.js: 8ms, application-code: 236ms)
 GET /login 200 in 124ms (next.js: 56ms, application-code: 68ms)
 POST /api/v1/clinic-auth/login 200 in 689ms (next.js: 162ms, application-code: 527ms)
 POST /api/v1/clinic-auth/verify-otp 200 in 192ms (next.js: 69ms, application-code: 124ms)
 GET /clinic/dashboard 200 in 119ms (next.js: 41ms, application-code: 79ms)
 GET /api/v1/clinics/me/doctors/invites 200 in 810ms (next.js: 704ms, application-code: 106ms)
 GET /api/v1/clinics/me/setup-status 200 in 893ms (next.js: 758ms, application-code: 135ms)
 GET /api/v1/clinics/me/doctors/invites 200 in 74ms (next.js: 12ms, application-code: 62ms)
 GET /api/v1/clinics/me/setup-status 200 in 50ms (next.js: 3ms, application-code: 47ms)
 GET /api/v1/clinics/me/setup-status 200 in 61ms (next.js: 11ms, application-code: 50ms)
 GET /clinic/appointments/today 200 in 105ms (next.js: 43ms, application-code: 62ms)
 GET /api/v1/clinics/me/setup-status 200 in 124ms (next.js: 74ms, application-code: 50ms)
 GET /api/v1/clinics/me/today 200 in 88ms (next.js: 5ms, application-code: 83ms)
 GET /api/v1/clinics/me/today 200 in 74ms (next.js: 3ms, application-code: 71ms)
 GET /clinic/appointments/today 200 in 43ms (next.js: 5ms, application-code: 39ms)
 GET /clinic/pool 200 in 200ms (next.js: 86ms, application-code: 114ms)
 GET /clinic/doctors 200 in 123ms (next.js: 54ms, application-code: 69ms)
 GET /api/v1/clinics/me/doctors 422 in 265ms (next.js: 22ms, application-code: 244ms)
 GET /api/v1/clinics/me/doctors/invites 200 in 267ms (next.js: 31ms, application-code: 236ms)
 GET /api/v1/clinics/me 500 in 381ms (next.js: 50ms, application-code: 331ms)
 GET /api/v1/clinics/me/doctors 422 in 78ms (next.js: 5ms, application-code: 73ms)
 GET /api/v1/clinics/me/doctors/invites 200 in 79ms (next.js: 3ms, application-code: 76ms)
 GET /api/v1/clinics/me 500 in 57ms (next.js: 3ms, application-code: 54ms)
 GET /clinic/doctors/schedule 200 in 156ms (next.js: 88ms, application-code: 68ms)
 GET /api/v1/clinics/me/doctors 422 in 78ms (next.js: 13ms, application-code: 64ms)
 GET /api/v1/clinics/me/availability 200 in 96ms (next.js: 3ms, application-code: 92ms)
 GET /api/v1/clinics/me/doctors 422 in 66ms (next.js: 4ms, application-code: 61ms)
 GET /api/v1/clinics/me/availability 200 in 87ms (next.js: 14ms, application-code: 73ms)
 GET /clinic/pool 200 in 57ms (next.js: 4ms, application-code: 52ms)
 GET /clinic/doctors 200 in 50ms (next.js: 9ms, application-code: 42ms)
 GET /api/v1/clinics/me 500 in 206ms (next.js: 25ms, application-code: 181ms)
 GET /api/v1/clinics/me/doctors 422 in 186ms (next.js: 68ms, application-code: 118ms)
 GET /api/v1/clinics/me/doctors/invites 200 in 118ms (next.js: 18ms, application-code: 100ms)
 GET /api/v1/clinics/me 500 in 74ms (next.js: 10ms, application-code: 65ms)
 GET /api/v1/clinics/me/doctors 422 in 81ms (next.js: 7ms, application-code: 74ms)
 GET /api/v1/clinics/me/doctors/invites 200 in 71ms (next.js: 11ms, application-code: 60ms)
 GET /clinic/doctors 200 in 63ms (next.js: 4ms, application-code: 59ms)
 GET /clinic/doctors/schedule 200 in 99ms (next.js: 7ms, application-code: 93ms)
 GET /api/v1/clinics/me/doctors 422 in 98ms (next.js: 35ms, application-code: 62ms)
 GET /api/v1/clinics/me/availability 200 in 90ms (next.js: 2ms, application-code: 88ms)
 GET /api/v1/clinics/me/doctors 422 in 110ms (next.js: 23ms, application-code: 88ms)
 GET /api/v1/clinics/me/availability 200 in 90ms (next.js: 17ms, application-code: 72ms)
 GET /clinic/analytics 200 in 164ms (next.js: 71ms, application-code: 93ms)
 GET /api/v1/clinics/me/analytics/overview?range=30d 200 in 140ms (next.js: 34ms, application-code: 105ms)
 GET /api/v1/clinics/me/analytics/appointments?range=30d&groupBy=month 200 in 98ms (next.js: 21ms, application-code: 77ms)
 GET /api/v1/clinics/me/analytics/patients?range=30d 200 in 102ms (next.js: 27ms, application-code: 75ms)
 GET /api/v1/clinics/me/analytics/overview?range=30d 200 in 80ms (next.js: 4ms, application-code: 76ms)
 GET /api/v1/clinics/me/analytics/appointments?range=30d&groupBy=month 200 in 138ms (next.js: 5ms, application-code: 133ms)
 GET /api/v1/clinics/me/analytics/doctors?range=30d 200 in 236ms (next.js: 22ms, application-code: 214ms)
 GET /api/v1/clinics/me/analytics/pool?range=30d 200 in 250ms (next.js: 30ms, application-code: 219ms)
 GET /api/v1/clinics/me/analytics/patients?range=30d 200 in 199ms (next.js: 2ms, application-code: 197ms)
 GET /api/v1/clinics/me/analytics/doctors?range=30d 200 in 98ms (next.js: 22ms, application-code: 76ms)
 GET /api/v1/clinics/me/analytics/pool?range=30d 200 in 69ms (next.js: 3ms, application-code: 67ms)
 GET /clinic/settings 200 in 120ms (next.js: 55ms, application-code: 65ms)
 GET /api/v1/clinics/me/settings/profile 200 in 173ms (next.js: 27ms, application-code: 146ms)
 GET /api/v1/clinics/me/settings/smtp 200 in 328ms (next.js: 248ms, application-code: 80ms)
 GET /api/v1/clinics/me/settings/sms 200 in 123ms (next.js: 31ms, application-code: 92ms)
 GET /api/v1/clinics/me/settings/fax 200 in 164ms (next.js: 38ms, application-code: 126ms)
 GET /api/v1/clinics/me/settings/credentials 200 in 144ms (next.js: 6ms, application-code: 138ms)
 GET /api/v1/clinics/me/settings/profile 200 in 153ms (next.js: 37ms, application-code: 116ms)
 GET /api/v1/clinics/me/settings/smtp 200 in 198ms (next.js: 71ms, application-code: 126ms)
 GET /api/v1/clinics/me/settings/sms 200 in 82ms (next.js: 12ms, application-code: 70ms)
 GET /api/v1/clinics/me/settings/fax 200 in 82ms (next.js: 11ms, application-code: 71ms)
 GET /api/v1/clinics/me/settings/credentials 200 in 81ms (next.js: 12ms, application-code: 69ms)
 GET / 200 in 253ms (next.js: 8ms, application-code: 245ms)
