[browser] Uncaught Error: Hydration failed because the server rendered HTML didn't match the client. As a result this tree will be regenerated on the client. This can happen if a SSR-ed Client Component used:

- A server/client branch `if (typeof window !== 'undefined')`.
- Variable input such as `Date.now()` or `Math.random()` which changes each time it's called.
- Date formatting in a user's locale which doesn't match the server.
- External changing data without sending a snapshot of it along with the HTML.
- Invalid HTML tag nesting.

It can also happen if the client has a browser extension installed which messes with the HTML before React loaded.

https://react.dev/link/hydration-mismatch

  ...
    <ScrollAndMaybeFocusHandler cacheNode={{rsc:{...}, ...}}>
      <InnerScrollAndFocusHandlerOld focusAndScrollRef={{scrollRef:null, ...}} cacheNode={{rsc:{...}, ...}}>
        <ErrorBoundary errorComponent={undefined} errorStyles={undefined} errorScripts={undefined}>
          <LoadingBoundary name="/" loading={null}>
            <HTTPAccessFallbackBoundary notFound={{...}} forbidden={undefined} unauthorized={undefined}>
              <HTTPAccessFallbackErrorBoundary pathname="/doctor/da..." notFound={{...}} forbidden={undefined} ...>
                <RedirectBoundary>
                  <RedirectErrorBoundary router={{...}}>
                    <InnerLayoutRouter url="/doctor/da..." tree={[...]} params={{}} cacheNode={{rsc:{...}, ...}} ...>
                      <SegmentViewNode type="layout" pagePath="doctor/lay...">
                        <SegmentTrieNode>
                        <script>
                        <script>
                        <script>
                        <ClientSegmentRoot Component={function DoctorLayout} slots={{children:{...}}} ...>
                          <DoctorLayout params={Promise}>
+                           <div className="min-h-screen bg-background">
-                           <script id="_R_">
                    ...
        ...

    at <unknown> (https://react.dev/link/hydration-mismatch)
    at div (<anonymous>)
    at DoctorLayout (app/doctor/layout.tsx:78:5)
  76 |
  77 |   return (
> 78 |     <div className="min-h-screen bg-background">
     |     ^
  79 |       <div className="flex min-h-screen">
  80 |         <aside className="sticky top-0 hidden h-screen w-72 shrink-0 border-r border-borde...
  81 |           <div className="flex h-full w-full flex-col">
[browser] Uncaught Error: Hydration failed because the server rendered HTML didn't match the client. As a result this tree will be regenerated on the client. This can happen if a SSR-ed Client Component used:

- A server/client branch `if (typeof window !== 'undefined')`.
- Variable input such as `Date.now()` or `Math.random()` which changes each time it's called.
- Date formatting in a user's locale which doesn't match the server.
- External changing data without sending a snapshot of it along with the HTML.
- Invalid HTML tag nesting.

It can also happen if the client has a browser extension installed which messes with the HTML before React loaded.

https://react.dev/link/hydration-mismatch

  ...
    <ScrollAndMaybeFocusHandler cacheNode={{rsc:{...}, ...}}>
      <InnerScrollAndFocusHandlerOld focusAndScrollRef={{scrollRef:null, ...}} cacheNode={{rsc:{...}, ...}}>
        <ErrorBoundary errorComponent={undefined} errorStyles={undefined} errorScripts={undefined}>
          <LoadingBoundary name="/" loading={null}>
            <HTTPAccessFallbackBoundary notFound={{...}} forbidden={undefined} unauthorized={undefined}>
              <HTTPAccessFallbackErrorBoundary pathname="/clinic/ap..." notFound={{...}} forbidden={undefined} ...>
                <RedirectBoundary>
                  <RedirectErrorBoundary router={{...}}>
                    <InnerLayoutRouter url="/clinic/ap..." tree={[...]} params={{}} cacheNode={{rsc:{...}, ...}} ...>
                      <SegmentViewNode type="layout" pagePath="clinic/lay...">
                        <SegmentTrieNode>
                        <script>
                        <script>
                        <script>
                        <ClientSegmentRoot Component={function ClinicLayout} slots={{children:{...}}} ...>
                          <ClinicLayout params={Promise}>
+                           <div className="flex h-screen overflow-hidden bg-background">
-                           <script id="_R_">
                    ...
        ...

    at <unknown> (https://react.dev/link/hydration-mismatch)
    at div (<anonymous>)
    at ClinicLayout (app/clinic/layout.tsx:313:5)
  311 |
  312 |   return (
> 313 |     <div className="flex h-screen overflow-hidden bg-background">
      |     ^
  314 |       <Sidebar
  315 |         clinicSlug={clinicSession.clinicSlug}
  316 |         clinicName={clinicSession.clinicSlug}
[browser] Detected `scroll-behavior: smooth` on the `<html>` element. To disable smooth scrolling during route transitions, add `data-scroll-behavior="smooth"` to your <html> element. Learn more: https://nextjs.org/docs/messages/missing-data-scroll-behavior
[browser] ⨯ unhandledRejection: ApiRequestError: Request failed.
    at apiRequest (lib/api/request.ts:44:11)
    at async handleSave (app/clinic/settings/page.tsx:641:5)
    at async handle (app/clinic/settings/page.tsx:65:7)
  42 |         : "Request failed.";
  43 |
> 44 |     throw new ApiRequestError(message, response.status);
     |           ^
  45 |   }
  46 |
  47 |   return responseData as TResponse;
[browser] Uncaught Error: Hydration failed because the server rendered HTML didn't match the client. As a result this tree will be regenerated on the client. This can happen if a SSR-ed Client Component used:

- A server/client branch `if (typeof window !== 'undefined')`.
- Variable input such as `Date.now()` or `Math.random()` which changes each time it's called.
- Date formatting in a user's locale which doesn't match the server.
- External changing data without sending a snapshot of it along with the HTML.
- Invalid HTML tag nesting.

It can also happen if the client has a browser extension installed which messes with the HTML before React loaded.

https://react.dev/link/hydration-mismatch

  ...
    <ScrollAndMaybeFocusHandler cacheNode={{rsc:{...}, ...}}>
      <InnerScrollAndFocusHandlerOld focusAndScrollRef={{scrollRef:null, ...}} cacheNode={{rsc:{...}, ...}}>
        <ErrorBoundary errorComponent={undefined} errorStyles={undefined} errorScripts={undefined}>
          <LoadingBoundary name="/" loading={null}>
            <HTTPAccessFallbackBoundary notFound={{...}} forbidden={undefined} unauthorized={undefined}>
              <HTTPAccessFallbackErrorBoundary pathname="/doctor/da..." notFound={{...}} forbidden={undefined} ...>
                <RedirectBoundary>
                  <RedirectErrorBoundary router={{...}}>
                    <InnerLayoutRouter url="/doctor/da..." tree={[...]} params={{}} cacheNode={{rsc:{...}, ...}} ...>
                      <SegmentViewNode type="layout" pagePath="doctor/lay...">
                        <SegmentTrieNode>
                        <script>
                        <script>
                        <script>
                        <ClientSegmentRoot Component={function DoctorLayout} slots={{children:{...}}} ...>
                          <DoctorLayout params={Promise}>
+                           <div className="min-h-screen bg-background">
-                           <script id="_R_">
                    ...
        ...

    at <unknown> (https://react.dev/link/hydration-mismatch)
    at div (<anonymous>)
    at DoctorLayout (app/doctor/layout.tsx:78:5)
  76 |
  77 |   return (
> 78 |     <div className="min-h-screen bg-background">
     |     ^
  79 |       <div className="flex min-h-screen">
  80 |         <aside className="sticky top-0 hidden h-screen w-72 shrink-0 border-r border-borde...
  81 |           <div className="flex h-full w-full flex-col">
⨯ [TypeError: fetch failed] {
  [cause]: AggregateError: 
      at ignore-listed frames {
    code: 'ECONNREFUSED',
    [errors]: [ [Error], [Error] ]
  }
}
⨯ [TypeError: fetch failed] {
  [cause]: AggregateError: 
      at ignore-listed frames {
    code: 'ECONNREFUSED',
    [errors]: [ [Error], [Error] ]
  }
}
⨯ [TypeError: fetch failed] {
  [cause]: AggregateError: 
      at ignore-listed frames {
    code: 'ECONNREFUSED',
    [errors]: [ [Error], [Error] ]
  }
}
⨯ [TypeError: fetch failed] {
  [cause]: AggregateError: 
      at ignore-listed frames {
    code: 'ECONNREFUSED',
    [errors]: [ [Error], [Error] ]
  }
}
[browser] Detected `scroll-behavior: smooth` on the `<html>` element. To disable smooth scrolling during route transitions, add `data-scroll-behavior="smooth"` to your <html> element. Learn more: https://nextjs.org/docs/messages/missing-data-scroll-behavior
[browser] Uncaught Error: Hydration failed because the server rendered HTML didn't match the client. As a result this tree will be regenerated on the client. This can happen if a SSR-ed Client Component used:

- A server/client branch `if (typeof window !== 'undefined')`.
- Variable input such as `Date.now()` or `Math.random()` which changes each time it's called.
- Date formatting in a user's locale which doesn't match the server.
- External changing data without sending a snapshot of it along with the HTML.
- Invalid HTML tag nesting.

It can also happen if the client has a browser extension installed which messes with the HTML before React loaded.

https://react.dev/link/hydration-mismatch

  ...
    <ScrollAndMaybeFocusHandler cacheNode={{rsc:{...}, ...}}>
      <InnerScrollAndFocusHandlerOld focusAndScrollRef={{scrollRef:null, ...}} cacheNode={{rsc:{...}, ...}}>
        <ErrorBoundary errorComponent={undefined} errorStyles={undefined} errorScripts={undefined}>
          <LoadingBoundary name="/" loading={null}>
            <HTTPAccessFallbackBoundary notFound={{...}} forbidden={undefined} unauthorized={undefined}>
              <HTTPAccessFallbackErrorBoundary pathname="/clinic/se..." notFound={{...}} forbidden={undefined} ...>
                <RedirectBoundary>
                  <RedirectErrorBoundary router={{...}}>
                    <InnerLayoutRouter url="/clinic/se..." tree={[...]} params={{}} cacheNode={{rsc:{...}, ...}} ...>
                      <SegmentViewNode type="layout" pagePath="clinic/lay...">
                        <SegmentTrieNode>
                        <script>
                        <script>
                        <script>
                        <ClientSegmentRoot Component={function ClinicLayout} slots={{children:{...}}} ...>
                          <ClinicLayout params={Promise}>
+                           <div className="flex h-screen overflow-hidden bg-background">
-                           <script id="_R_">
                    ...
        ...

    at <unknown> (https://react.dev/link/hydration-mismatch)
    at div (<anonymous>)
    at ClinicLayout (app/clinic/layout.tsx:313:5)
  311 |
  312 |   return (
> 313 |     <div className="flex h-screen overflow-hidden bg-background">
      |     ^
  314 |       <Sidebar
  315 |         clinicSlug={clinicSession.clinicSlug}
  316 |         clinicName={clinicSession.clinicSlug}
[browser] Uncaught Error: Hydration failed because the server rendered HTML didn't match the client. As a result this tree will be regenerated on the client. This can happen if a SSR-ed Client Component used:

- A server/client branch `if (typeof window !== 'undefined')`.
- Variable input such as `Date.now()` or `Math.random()` which changes each time it's called.
- Date formatting in a user's locale which doesn't match the server.
- External changing data without sending a snapshot of it along with the HTML.
- Invalid HTML tag nesting.

It can also happen if the client has a browser extension installed which messes with the HTML before React loaded.

https://react.dev/link/hydration-mismatch

  ...
    <ScrollAndMaybeFocusHandler cacheNode={{rsc:{...}, ...}}>
      <InnerScrollAndFocusHandlerOld focusAndScrollRef={{scrollRef:null, ...}} cacheNode={{rsc:{...}, ...}}>
        <ErrorBoundary errorComponent={undefined} errorStyles={undefined} errorScripts={undefined}>
          <LoadingBoundary name="/" loading={null}>
            <HTTPAccessFallbackBoundary notFound={{...}} forbidden={undefined} unauthorized={undefined}>
              <HTTPAccessFallbackErrorBoundary pathname="/doctor/da..." notFound={{...}} forbidden={undefined} ...>
                <RedirectBoundary>
                  <RedirectErrorBoundary router={{...}}>
                    <InnerLayoutRouter url="/doctor/da..." tree={[...]} params={{}} cacheNode={{rsc:{...}, ...}} ...>
                      <SegmentViewNode type="layout" pagePath="doctor/lay...">
                        <SegmentTrieNode>
                        <script>
                        <script>
                        <script>
                        <ClientSegmentRoot Component={function DoctorLayout} slots={{children:{...}}} ...>
                          <DoctorLayout params={Promise}>
+                           <div className="min-h-screen bg-background">
-                           <script id="_R_">
                    ...
        ...

    at <unknown> (https://react.dev/link/hydration-mismatch)
    at div (<anonymous>)
    at DoctorLayout (app/doctor/layout.tsx:78:5)
  76 |
  77 |   return (
> 78 |     <div className="min-h-screen bg-background">
     |     ^
  79 |       <div className="flex min-h-screen">
  80 |         <aside className="sticky top-0 hidden h-screen w-72 shrink-0 border-r border-borde...
  81 |           <div className="flex h-full w-full flex-col">
[browser] Detected `scroll-behavior: smooth` on the `<html>` element. To disable smooth scrolling during route transitions, add `data-scroll-behavior="smooth"` to your <html> element. Learn more: https://nextjs.org/docs/messages/missing-data-scroll-behavior
[browser] Uncaught Error: Hydration failed because the server rendered HTML didn't match the client. As a result this tree will be regenerated on the client. This can happen if a SSR-ed Client Component used:

- A server/client branch `if (typeof window !== 'undefined')`.
- Variable input such as `Date.now()` or `Math.random()` which changes each time it's called.
- Date formatting in a user's locale which doesn't match the server.
- External changing data without sending a snapshot of it along with the HTML.
- Invalid HTML tag nesting.

It can also happen if the client has a browser extension installed which messes with the HTML before React loaded.

https://react.dev/link/hydration-mismatch

  ...
    <ScrollAndMaybeFocusHandler cacheNode={{rsc:{...}, ...}}>
      <InnerScrollAndFocusHandlerOld focusAndScrollRef={{scrollRef:null, ...}} cacheNode={{rsc:{...}, ...}}>
        <ErrorBoundary errorComponent={undefined} errorStyles={undefined} errorScripts={undefined}>
          <LoadingBoundary name="/" loading={null}>
            <HTTPAccessFallbackBoundary notFound={{...}} forbidden={undefined} unauthorized={undefined}>
              <HTTPAccessFallbackErrorBoundary pathname="/clinic/se..." notFound={{...}} forbidden={undefined} ...>
                <RedirectBoundary>
                  <RedirectErrorBoundary router={{...}}>
                    <InnerLayoutRouter url="/clinic/se..." tree={[...]} params={{}} cacheNode={{rsc:{...}, ...}} ...>
                      <SegmentViewNode type="layout" pagePath="clinic/lay...">
                        <SegmentTrieNode>
                        <script>
                        <script>
                        <script>
                        <ClientSegmentRoot Component={function ClinicLayout} slots={{children:{...}}} ...>
                          <ClinicLayout params={Promise}>
+                           <div className="flex h-screen overflow-hidden bg-background">
-                           <script id="_R_">
                    ...
        ...

    at <unknown> (https://react.dev/link/hydration-mismatch)
    at div (<anonymous>)
    at ClinicLayout (app/clinic/layout.tsx:313:5)
  311 |
  312 |   return (
> 313 |     <div className="flex h-screen overflow-hidden bg-background">
      |     ^
  314 |       <Sidebar
  315 |         clinicSlug={clinicSession.clinicSlug}
  316 |         clinicName={clinicSession.clinicSlug}
[browser] Detected `scroll-behavior: smooth` on the `<html>` element. To disable smooth scrolling during route transitions, add `data-scroll-behavior="smooth"` to your <html> element. Learn more: https://nextjs.org/docs/messages/missing-data-scroll-behavior
⚠ Blocked cross-origin request to Next.js dev resource /_next/webpack-hmr from "172.16.172.167".
Cross-origin access to Next.js dev resources is blocked by default for safety.

To allow this host in development, add it to "allowedDevOrigins" in next.config.js and restart the dev server:

// next.config.js
module.exports = {
  allowedDevOrigins: ['172.16.172.167'],
}

Read more: https://nextjs.org/docs/app/api-reference/config/next-config-js/allowedDevOrigins
[browser] Uncaught Error: Hydration failed because the server rendered HTML didn't match the client. As a result this tree will be regenerated on the client. This can happen if a SSR-ed Client Component used:

- A server/client branch `if (typeof window !== 'undefined')`.
- Variable input such as `Date.now()` or `Math.random()` which changes each time it's called.
- Date formatting in a user's locale which doesn't match the server.
- External changing data without sending a snapshot of it along with the HTML.
- Invalid HTML tag nesting.

It can also happen if the client has a browser extension installed which messes with the HTML before React loaded.

https://react.dev/link/hydration-mismatch

  ...
    <ScrollAndMaybeFocusHandler cacheNode={{rsc:{...}, ...}}>
      <InnerScrollAndFocusHandlerOld focusAndScrollRef={{scrollRef:null, ...}} cacheNode={{rsc:{...}, ...}}>
        <ErrorBoundary errorComponent={undefined} errorStyles={undefined} errorScripts={undefined}>
          <LoadingBoundary name="/" loading={null}>
            <HTTPAccessFallbackBoundary notFound={{...}} forbidden={undefined} unauthorized={undefined}>
              <HTTPAccessFallbackErrorBoundary pathname="/clinic/do..." notFound={{...}} forbidden={undefined} ...>
                <RedirectBoundary>
                  <RedirectErrorBoundary router={{...}}>
                    <InnerLayoutRouter url="/clinic/do..." tree={[...]} params={{}} cacheNode={{rsc:{...}, ...}} ...>
                      <SegmentViewNode type="layout" pagePath="clinic/lay...">
                        <SegmentTrieNode>
                        <script>
                        <script>
                        <script>
                        <ClientSegmentRoot Component={function ClinicLayout} slots={{children:{...}}} ...>
                          <ClinicLayout params={Promise}>
+                           <div className="flex h-screen overflow-hidden bg-background">
-                           <script id="_R_">
                    ...
        ...

    at <unknown> (https://react.dev/link/hydration-mismatch)
    at div (<anonymous>)
    at ClinicLayout (app/clinic/layout.tsx:313:5)
  311 |
  312 |   return (
> 313 |     <div className="flex h-screen overflow-hidden bg-background">
      |     ^
  314 |       <Sidebar
  315 |         clinicSlug={clinicSession.clinicSlug}
  316 |         clinicName={clinicSession.clinicSlug}
[browser] Uncaught Error: Hydration failed because the server rendered HTML didn't match the client. As a result this tree will be regenerated on the client. This can happen if a SSR-ed Client Component used:

- A server/client branch `if (typeof window !== 'undefined')`.
- Variable input such as `Date.now()` or `Math.random()` which changes each time it's called.
- Date formatting in a user's locale which doesn't match the server.
- External changing data without sending a snapshot of it along with the HTML.
- Invalid HTML tag nesting.

It can also happen if the client has a browser extension installed which messes with the HTML before React loaded.

https://react.dev/link/hydration-mismatch

  ...
    <ScrollAndMaybeFocusHandler cacheNode={{rsc:{...}, ...}}>
      <InnerScrollAndFocusHandlerOld focusAndScrollRef={{scrollRef:null, ...}} cacheNode={{rsc:{...}, ...}}>
        <ErrorBoundary errorComponent={undefined} errorStyles={undefined} errorScripts={undefined}>
          <LoadingBoundary name="/" loading={null}>
            <HTTPAccessFallbackBoundary notFound={{...}} forbidden={undefined} unauthorized={undefined}>
              <HTTPAccessFallbackErrorBoundary pathname="/doctor/da..." notFound={{...}} forbidden={undefined} ...>
                <RedirectBoundary>
                  <RedirectErrorBoundary router={{...}}>
                    <InnerLayoutRouter url="/doctor/da..." tree={[...]} params={{}} cacheNode={{rsc:{...}, ...}} ...>
                      <SegmentViewNode type="layout" pagePath="doctor/lay...">
                        <SegmentTrieNode>
                        <script>
                        <script>
                        <script>
                        <ClientSegmentRoot Component={function DoctorLayout} slots={{children:{...}}} ...>
                          <DoctorLayout params={Promise}>
+                           <div className="min-h-screen bg-background">
-                           <script id="_R_">
                    ...
        ...

    at <unknown> (https://react.dev/link/hydration-mismatch)
    at div (<anonymous>)
    at DoctorLayout (app/doctor/layout.tsx:78:5)
  76 |
  77 |   return (
> 78 |     <div className="min-h-screen bg-background">
     |     ^
  79 |       <div className="flex min-h-screen">
  80 |         <aside className="sticky top-0 hidden h-screen w-72 shrink-0 border-r border-borde...
  81 |           <div className="flex h-full w-full flex-col">
[browser] Detected `scroll-behavior: smooth` on the `<html>` element. To disable smooth scrolling during route transitions, add `data-scroll-behavior="smooth"` to your <html> element. Learn more: https://nextjs.org/docs/messages/missing-data-scroll-behavior
[browser] Uncaught Error: Hydration failed because the server rendered HTML didn't match the client. As a result this tree will be regenerated on the client. This can happen if a SSR-ed Client Component used:

- A server/client branch `if (typeof window !== 'undefined')`.
- Variable input such as `Date.now()` or `Math.random()` which changes each time it's called.
- Date formatting in a user's locale which doesn't match the server.
- External changing data without sending a snapshot of it along with the HTML.
- Invalid HTML tag nesting.

It can also happen if the client has a browser extension installed which messes with the HTML before React loaded.

https://react.dev/link/hydration-mismatch

  ...
    <ScrollAndMaybeFocusHandler cacheNode={{rsc:{...}, ...}}>
      <InnerScrollAndFocusHandlerOld focusAndScrollRef={{scrollRef:null, ...}} cacheNode={{rsc:{...}, ...}}>
        <ErrorBoundary errorComponent={undefined} errorStyles={undefined} errorScripts={undefined}>
          <LoadingBoundary name="/" loading={null}>
            <HTTPAccessFallbackBoundary notFound={{...}} forbidden={undefined} unauthorized={undefined}>
              <HTTPAccessFallbackErrorBoundary pathname="/clinic/do..." notFound={{...}} forbidden={undefined} ...>
                <RedirectBoundary>
                  <RedirectErrorBoundary router={{...}}>
                    <InnerLayoutRouter url="/clinic/do..." tree={[...]} params={{}} cacheNode={{rsc:{...}, ...}} ...>
                      <SegmentViewNode type="layout" pagePath="clinic/lay...">
                        <SegmentTrieNode>
                        <script>
                        <script>
                        <script>
                        <ClientSegmentRoot Component={function ClinicLayout} slots={{children:{...}}} ...>
                          <ClinicLayout params={Promise}>
+                           <div className="flex h-screen overflow-hidden bg-background">
-                           <script id="_R_">
                    ...
        ...

    at <unknown> (https://react.dev/link/hydration-mismatch)
    at div (<anonymous>)
    at ClinicLayout (app/clinic/layout.tsx:313:5)
  311 |
  312 |   return (
> 313 |     <div className="flex h-screen overflow-hidden bg-background">
      |     ^
  314 |       <Sidebar
  315 |         clinicSlug={clinicSession.clinicSlug}
  316 |         clinicName={clinicSession.clinicSlug}
[browser] Detected `scroll-behavior: smooth` on the `<html>` element. To disable smooth scrolling during route transitions, add `data-scroll-behavior="smooth"` to your <html> element. Learn more: https://nextjs.org/docs/messages/missing-data-scroll-behavior
[browser] Uncaught Error: Hydration failed because the server rendered HTML didn't match the client. As a result this tree will be regenerated on the client. This can happen if a SSR-ed Client Component used:

- A server/client branch `if (typeof window !== 'undefined')`.
- Variable input such as `Date.now()` or `Math.random()` which changes each time it's called.
- Date formatting in a user's locale which doesn't match the server.
- External changing data without sending a snapshot of it along with the HTML.
- Invalid HTML tag nesting.

It can also happen if the client has a browser extension installed which messes with the HTML before React loaded.

https://react.dev/link/hydration-mismatch

  ...
    <ScrollAndMaybeFocusHandler cacheNode={{rsc:{...}, ...}}>
      <InnerScrollAndFocusHandlerOld focusAndScrollRef={{scrollRef:null, ...}} cacheNode={{rsc:{...}, ...}}>
        <ErrorBoundary errorComponent={undefined} errorStyles={undefined} errorScripts={undefined}>
          <LoadingBoundary name="/" loading={null}>
            <HTTPAccessFallbackBoundary notFound={{...}} forbidden={undefined} unauthorized={undefined}>
              <HTTPAccessFallbackErrorBoundary pathname="/doctor/da..." notFound={{...}} forbidden={undefined} ...>
                <RedirectBoundary>
                  <RedirectErrorBoundary router={{...}}>
                    <InnerLayoutRouter url="/doctor/da..." tree={[...]} params={{}} cacheNode={{rsc:{...}, ...}} ...>
                      <SegmentViewNode type="layout" pagePath="doctor/lay...">
                        <SegmentTrieNode>
                        <script>
                        <script>
                        <script>
                        <ClientSegmentRoot Component={function DoctorLayout} slots={{children:{...}}} ...>
                          <DoctorLayout params={Promise}>
+                           <div className="min-h-screen bg-background">
-                           <script id="_R_">
                    ...
        ...

    at <unknown> (https://react.dev/link/hydration-mismatch)
    at div (<anonymous>)
    at DoctorLayout (app/doctor/layout.tsx:78:5)
  76 |
  77 |   return (
> 78 |     <div className="min-h-screen bg-background">
     |     ^
  79 |       <div className="flex min-h-screen">
  80 |         <aside className="sticky top-0 hidden h-screen w-72 shrink-0 border-r border-borde...
  81 |           <div className="flex h-full w-full flex-col">
[browser] Detected `scroll-behavior: smooth` on the `<html>` element. To disable smooth scrolling during route transitions, add `data-scroll-behavior="smooth"` to your <html> element. Learn more: https://nextjs.org/docs/messages/missing-data-scroll-behavior
[browser] Uncaught Error: Hydration failed because the server rendered HTML didn't match the client. As a result this tree will be regenerated on the client. This can happen if a SSR-ed Client Component used:

- A server/client branch `if (typeof window !== 'undefined')`.
- Variable input such as `Date.now()` or `Math.random()` which changes each time it's called.
- Date formatting in a user's locale which doesn't match the server.
- External changing data without sending a snapshot of it along with the HTML.
- Invalid HTML tag nesting.

It can also happen if the client has a browser extension installed which messes with the HTML before React loaded.

https://react.dev/link/hydration-mismatch

  ...
    <ScrollAndMaybeFocusHandler cacheNode={{rsc:{...}, ...}}>
      <InnerScrollAndFocusHandlerOld focusAndScrollRef={{scrollRef:null, ...}} cacheNode={{rsc:{...}, ...}}>
        <ErrorBoundary errorComponent={undefined} errorStyles={undefined} errorScripts={undefined}>
          <LoadingBoundary name="/" loading={null}>
            <HTTPAccessFallbackBoundary notFound={{...}} forbidden={undefined} unauthorized={undefined}>
              <HTTPAccessFallbackErrorBoundary pathname="/doctor/da..." notFound={{...}} forbidden={undefined} ...>
                <RedirectBoundary>
                  <RedirectErrorBoundary router={{...}}>
                    <InnerLayoutRouter url="/doctor/da..." tree={[...]} params={{}} cacheNode={{rsc:{...}, ...}} ...>
                      <SegmentViewNode type="layout" pagePath="doctor/lay...">
                        <SegmentTrieNode>
                        <script>
                        <script>
                        <script>
                        <ClientSegmentRoot Component={function DoctorLayout} slots={{children:{...}}} ...>
                          <DoctorLayout params={Promise}>
+                           <div className="min-h-screen bg-background">
-                           <script id="_R_">
                    ...
        ...

    at <unknown> (https://react.dev/link/hydration-mismatch)
    at div (<anonymous>)
    at DoctorLayout (app/doctor/layout.tsx:78:5)
  76 |
  77 |   return (
> 78 |     <div className="min-h-screen bg-background">
     |     ^
  79 |       <div className="flex min-h-screen">
  80 |         <aside className="sticky top-0 hidden h-screen w-72 shrink-0 border-r border-borde...
  81 |           <div className="flex h-full w-full flex-col">
[browser] Detected `scroll-behavior: smooth` on the `<html>` element. To disable smooth scrolling during route transitions, add `data-scroll-behavior="smooth"` to your <html> element. Learn more: https://nextjs.org/docs/messages/missing-data-scroll-behavior
[browser] Uncaught Error: Hydration failed because the server rendered HTML didn't match the client. As a result this tree will be regenerated on the client. This can happen if a SSR-ed Client Component used:

- A server/client branch `if (typeof window !== 'undefined')`.
- Variable input such as `Date.now()` or `Math.random()` which changes each time it's called.
- Date formatting in a user's locale which doesn't match the server.
- External changing data without sending a snapshot of it along with the HTML.
- Invalid HTML tag nesting.

It can also happen if the client has a browser extension installed which messes with the HTML before React loaded.

https://react.dev/link/hydration-mismatch

  ...
    <ScrollAndMaybeFocusHandler cacheNode={{rsc:{...}, ...}}>
      <InnerScrollAndFocusHandlerOld focusAndScrollRef={{scrollRef:null, ...}} cacheNode={{rsc:{...}, ...}}>
        <ErrorBoundary errorComponent={undefined} errorStyles={undefined} errorScripts={undefined}>
          <LoadingBoundary name="/" loading={null}>
            <HTTPAccessFallbackBoundary notFound={{...}} forbidden={undefined} unauthorized={undefined}>
              <HTTPAccessFallbackErrorBoundary pathname="/doctor/da..." notFound={{...}} forbidden={undefined} ...>
                <RedirectBoundary>
                  <RedirectErrorBoundary router={{...}}>
                    <InnerLayoutRouter url="/doctor/da..." tree={[...]} params={{}} cacheNode={{rsc:{...}, ...}} ...>
                      <SegmentViewNode type="layout" pagePath="doctor/lay...">
                        <SegmentTrieNode>
                        <script>
                        <script>
                        <script>
                        <ClientSegmentRoot Component={function DoctorLayout} slots={{children:{...}}} ...>
                          <DoctorLayout params={Promise}>
+                           <div className="min-h-screen bg-background">
-                           <script id="_R_">
                    ...
        ...

    at <unknown> (https://react.dev/link/hydration-mismatch)
    at div (<anonymous>)
    at DoctorLayout (app/doctor/layout.tsx:78:5)
  76 |
  77 |   return (
> 78 |     <div className="min-h-screen bg-background">
     |     ^
  79 |       <div className="flex min-h-screen">
  80 |         <aside className="sticky top-0 hidden h-screen w-72 shrink-0 border-r border-borde...
  81 |           <div className="flex h-full w-full flex-col">
[browser] Detected `scroll-behavior: smooth` on the `<html>` element. To disable smooth scrolling during route transitions, add `data-scroll-behavior="smooth"` to your <html> element. Learn more: https://nextjs.org/docs/messages/missing-data-scroll-behavior
