
> bimble@0.1.0 dev
> next dev

▲ Next.js 16.2.2 (Turbopack)
- Local:         http://localhost:3000
- Network:       http://172.16.172.167:3000
- Environments: .env.local
✓ Ready in 518ms

 GET /doctor/dashboard 200 in 573ms (next.js: 299ms, application-code: 274ms)
 GET /api/v1/doctors/me 200 in 395ms (next.js: 274ms, application-code: 120ms)
 GET /api/v1/doctors/me 200 in 54ms (next.js: 21ms, application-code: 34ms)
 GET /api/v1/doctors/me/today 200 in 846ms (next.js: 825ms, application-code: 21ms)
 GET /api/v1/doctors/me/today 200 in 27ms (next.js: 9ms, application-code: 18ms)
 GET / 200 in 162ms (next.js: 36ms, application-code: 126ms)
 GET /clinic/appointments/today 200 in 165ms (next.js: 37ms, application-code: 128ms)
 GET /api/v1/clinics/me/today 200 in 1279ms (next.js: 1219ms, application-code: 60ms)
 GET /api/v1/clinics/me/setup-status 200 in 1214ms (next.js: 1100ms, application-code: 114ms)
 GET /api/v1/clinics/me/today 200 in 73ms (next.js: 26ms, application-code: 46ms)
 GET /api/v1/clinics/me/setup-status 200 in 114ms (next.js: 9ms, application-code: 105ms)
 GET /clinic/settings 200 in 69ms (next.js: 35ms, application-code: 34ms)
 GET /api/v1/clinics/setup/text-message-notifications 405 in 52ms (next.js: 46ms, application-code: 6ms)
 GET /api/v1/clinics/setup/fax-integration 405 in 48ms (next.js: 41ms, application-code: 7ms)
 GET /api/v1/clinics/me/settings/profile 200 in 235ms (next.js: 19ms, application-code: 217ms)
 GET /api/v1/clinics/setup/text-message-notifications 405 in 17ms (next.js: 12ms, application-code: 5ms)
 GET /api/v1/clinics/setup/fax-integration 405 in 8ms (next.js: 4ms, application-code: 4ms)
 GET /api/v1/clinics/me/settings/smtp 200 in 123ms (next.js: 78ms, application-code: 45ms)
 GET /api/v1/clinics/me/settings/credentials 200 in 26ms (next.js: 10ms, application-code: 16ms)
 GET /api/v1/clinics/me/settings/profile 200 in 27ms (next.js: 4ms, application-code: 23ms)
 GET /api/v1/clinics/me/settings/smtp 200 in 34ms (next.js: 7ms, application-code: 27ms)
 GET /api/v1/clinics/me/settings/credentials 200 in 32ms (next.js: 3ms, application-code: 28ms)
 PATCH /api/v1/clinics/me/settings/profile 405 in 22ms (next.js: 10ms, application-code: 12ms)
✓ Compiled in 773ms
 GET /clinic/settings 200 in 1194ms (next.js: 660ms, application-code: 534ms)
 GET /doctor/dashboard 200 in 311ms (next.js: 87ms, application-code: 224ms)
 GET /clinic/settings 200 in 313ms (next.js: 141ms, application-code: 172ms)
 GET /doctor/dashboard 200 in 182ms (next.js: 6ms, application-code: 176ms)
 GET /clinic/settings 200 in 265ms (next.js: 38ms, application-code: 227ms)
 GET /clinic/settings 200 in 233ms (next.js: 34ms, application-code: 199ms)
 GET /clinic/settings 200 in 305ms (next.js: 8ms, application-code: 297ms)
 GET /clinic/settings 200 in 274ms (next.js: 7ms, application-code: 266ms)
 GET /clinic/settings 200 in 276ms (next.js: 49ms, application-code: 227ms)
 GET /clinic/settings 200 in 329ms (next.js: 50ms, application-code: 279ms)
 GET /clinic/settings 200 in 335ms (next.js: 10ms, application-code: 325ms)
 GET /clinic/settings 200 in 333ms (next.js: 126ms, application-code: 206ms)
 GET /clinic/settings 200 in 831ms (next.js: 13ms, application-code: 818ms)
 GET /clinic/settings 200 in 785ms (next.js: 5ms, application-code: 780ms)
 GET /clinic/settings 200 in 811ms (next.js: 82ms, application-code: 730ms)
 GET /clinic/settings 200 in 679ms (next.js: 135ms, application-code: 544ms)
 GET /clinic/settings 200 in 942ms (next.js: 500ms, application-code: 442ms)
 GET /clinic/settings 200 in 945ms (next.js: 309ms, application-code: 636ms)
 GET /clinic/settings 200 in 492ms (next.js: 14ms, application-code: 478ms)
 GET /clinic/settings 200 in 501ms (next.js: 145ms, application-code: 356ms)
 GET /clinic/settings 200 in 493ms (next.js: 206ms, application-code: 287ms)
 GET /clinic/settings 200 in 318ms (next.js: 17ms, application-code: 300ms)
 GET /clinic/settings 200 in 325ms (next.js: 104ms, application-code: 221ms)
 GET /clinic/settings 200 in 329ms (next.js: 149ms, application-code: 180ms)
 GET /clinic/settings 200 in 259ms (next.js: 7ms, application-code: 252ms)
 GET /clinic/settings 200 in 259ms (next.js: 41ms, application-code: 218ms)
 GET /clinic/settings 200 in 260ms (next.js: 71ms, application-code: 189ms)
 GET /clinic/settings 200 in 237ms (next.js: 10ms, application-code: 227ms)
 GET /clinic/settings 200 in 236ms (next.js: 51ms, application-code: 185ms)
 GET /clinic/settings 200 in 235ms (next.js: 78ms, application-code: 157ms)
 GET /clinic/settings 200 in 218ms (next.js: 6ms, application-code: 212ms)
 GET /clinic/settings 200 in 218ms (next.js: 35ms, application-code: 183ms)
 GET /clinic/settings 200 in 219ms (next.js: 65ms, application-code: 153ms)
 GET /clinic/settings 200 in 184ms (next.js: 34ms, application-code: 150ms)
 GET /clinic/settings 200 in 186ms (next.js: 4ms, application-code: 182ms)
 GET /clinic/settings 200 in 127ms (next.js: 14ms, application-code: 113ms)
 GET /clinic/settings 200 in 164ms (next.js: 4ms, application-code: 160ms)
 GET /clinic/settings 200 in 164ms (next.js: 51ms, application-code: 112ms)
 GET /clinic/settings 200 in 165ms (next.js: 27ms, application-code: 138ms)
 GET /clinic/settings 200 in 168ms (next.js: 5ms, application-code: 162ms)
 GET /clinic/settings 200 in 170ms (next.js: 29ms, application-code: 141ms)
 GET /clinic/settings 200 in 122ms (next.js: 4ms, application-code: 118ms)
 GET /clinic/settings 200 in 171ms (next.js: 4ms, application-code: 168ms)
 GET /clinic/settings 200 in 172ms (next.js: 26ms, application-code: 146ms)
 GET /clinic/settings 200 in 172ms (next.js: 50ms, application-code: 122ms)
 GET /clinic/settings 200 in 175ms (next.js: 4ms, application-code: 170ms)
 GET /clinic/settings 200 in 148ms (next.js: 5ms, application-code: 142ms)
 GET /clinic/settings 200 in 149ms (next.js: 28ms, application-code: 121ms)
 GET /clinic/settings 200 in 175ms (next.js: 6ms, application-code: 169ms)
 GET /clinic/settings 200 in 176ms (next.js: 31ms, application-code: 145ms)
 GET /clinic/settings 200 in 178ms (next.js: 57ms, application-code: 121ms)
 GET /clinic/settings 200 in 161ms (next.js: 4ms, application-code: 157ms)
 GET /clinic/settings 200 in 137ms (next.js: 5ms, application-code: 132ms)
 GET /clinic/settings 200 in 137ms (next.js: 25ms, application-code: 111ms)
 GET /clinic/settings 200 in 148ms (next.js: 26ms, application-code: 122ms)
 GET /clinic/settings 200 in 150ms (next.js: 3ms, application-code: 147ms)
 GET /clinic/settings 200 in 106ms (next.js: 3ms, application-code: 103ms)
 GET /clinic/settings 200 in 151ms (next.js: 3ms, application-code: 148ms)
 GET /clinic/settings 200 in 129ms (next.js: 3ms, application-code: 126ms)
 GET /clinic/settings 200 in 130ms (next.js: 26ms, application-code: 103ms)
 GET /clinic/settings 200 in 151ms (next.js: 5ms, application-code: 147ms)
 GET /clinic/settings 200 in 152ms (next.js: 26ms, application-code: 126ms)
 GET /clinic/settings 200 in 108ms (next.js: 4ms, application-code: 105ms)
 GET /clinic/settings 200 in 130ms (next.js: 3ms, application-code: 127ms)
 GET /clinic/settings 200 in 131ms (next.js: 3ms, application-code: 127ms)
 GET /clinic/settings 200 in 131ms (next.js: 25ms, application-code: 107ms)
 GET /clinic/settings 200 in 166ms (next.js: 26ms, application-code: 140ms)
 GET /clinic/settings 200 in 168ms (next.js: 3ms, application-code: 164ms)
 GET /clinic/settings 200 in 122ms (next.js: 4ms, application-code: 118ms)
 GET /clinic/settings 200 in 146ms (next.js: 5ms, application-code: 141ms)
 GET /clinic/settings 200 in 143ms (next.js: 3ms, application-code: 140ms)
 GET /clinic/settings 200 in 145ms (next.js: 27ms, application-code: 118ms)
 GET /clinic/settings 200 in 152ms (next.js: 4ms, application-code: 148ms)
 GET /clinic/settings 200 in 152ms (next.js: 27ms, application-code: 125ms)
 GET /clinic/settings 200 in 109ms (next.js: 4ms, application-code: 105ms)
 GET /clinic/settings 200 in 137ms (next.js: 4ms, application-code: 133ms)
 GET /clinic/settings 200 in 139ms (next.js: 3ms, application-code: 137ms)
 GET /clinic/settings 200 in 144ms (next.js: 3ms, application-code: 141ms)
 GET /clinic/settings 200 in 144ms (next.js: 5ms, application-code: 140ms)
 GET /clinic/settings 200 in 145ms (next.js: 30ms, application-code: 114ms)
 GET /clinic/settings 200 in 172ms (next.js: 4ms, application-code: 168ms)
 GET /clinic/settings 200 in 148ms (next.js: 4ms, application-code: 144ms)
 GET /clinic/settings 200 in 163ms (next.js: 4ms, application-code: 159ms)
 GET /clinic/settings 200 in 165ms (next.js: 5ms, application-code: 160ms)
 GET /clinic/settings 200 in 161ms (next.js: 28ms, application-code: 133ms)
 GET /clinic/settings 200 in 164ms (next.js: 3ms, application-code: 160ms)
 GET /clinic/settings 200 in 197ms (next.js: 7ms, application-code: 189ms)
 GET /clinic/settings 200 in 152ms (next.js: 4ms, application-code: 148ms)
 GET /clinic/settings 200 in 149ms (next.js: 4ms, application-code: 145ms)
 GET /clinic/settings 200 in 148ms (next.js: 4ms, application-code: 143ms)
 GET /clinic/settings 200 in 143ms (next.js: 6ms, application-code: 137ms)
 GET /clinic/settings 200 in 143ms (next.js: 33ms, application-code: 110ms)
 GET /clinic/settings 200 in 131ms (next.js: 4ms, application-code: 127ms)
 GET /clinic/settings 200 in 130ms (next.js: 3ms, application-code: 128ms)
 GET /clinic/settings 200 in 129ms (next.js: 3ms, application-code: 125ms)
 GET /clinic/settings 200 in 130ms (next.js: 4ms, application-code: 126ms)
 GET /clinic/settings 200 in 131ms (next.js: 3ms, application-code: 128ms)
 GET /clinic/settings 200 in 131ms (next.js: 4ms, application-code: 128ms)
 GET /clinic/settings 200 in 107ms (next.js: 3ms, application-code: 104ms)
 GET /clinic/settings 200 in 141ms (next.js: 4ms, application-code: 137ms)
 GET /clinic/settings 200 in 146ms (next.js: 3ms, application-code: 144ms)
 GET /clinic/settings 200 in 149ms (next.js: 4ms, application-code: 145ms)
 GET /clinic/settings 200 in 149ms (next.js: 5ms, application-code: 144ms)
 GET /clinic/settings 200 in 149ms (next.js: 27ms, application-code: 122ms)
 GET /clinic/settings 200 in 167ms (next.js: 3ms, application-code: 165ms)
 GET /clinic/settings 200 in 141ms (next.js: 5ms, application-code: 136ms)
 GET /clinic/settings 200 in 141ms (next.js: 3ms, application-code: 138ms)
 GET /clinic/settings 200 in 143ms (next.js: 5ms, application-code: 138ms)
 GET /clinic/settings 200 in 144ms (next.js: 3ms, application-code: 141ms)
 GET /clinic/settings 200 in 146ms (next.js: 28ms, application-code: 117ms)
 GET /clinic/settings 200 in 167ms (next.js: 4ms, application-code: 163ms)
 GET /clinic/settings 200 in 145ms (next.js: 4ms, application-code: 141ms)
 GET /clinic/settings 200 in 167ms (next.js: 3ms, application-code: 164ms)
 GET /clinic/settings 200 in 138ms (next.js: 4ms, application-code: 133ms)
 GET /clinic/settings 200 in 140ms (next.js: 5ms, application-code: 135ms)
 GET /clinic/settings 200 in 139ms (next.js: 27ms, application-code: 113ms)
 GET /doctor/dashboard 200 in 198ms (next.js: 3ms, application-code: 195ms)
 GET /doctor/dashboard 200 in 175ms (next.js: 3ms, application-code: 172ms)
 GET /doctor/dashboard 200 in 188ms (next.js: 3ms, application-code: 185ms)
 GET /doctor/dashboard 200 in 187ms (next.js: 4ms, application-code: 183ms)
 GET /doctor/dashboard 200 in 142ms (next.js: 33ms, application-code: 109ms)
 GET /doctor/dashboard 200 in 160ms (next.js: 19ms, application-code: 141ms)
 GET /doctor/dashboard 200 in 204ms (next.js: 4ms, application-code: 200ms)
 GET /doctor/dashboard 200 in 168ms (next.js: 5ms, application-code: 163ms)
 GET /doctor/dashboard 200 in 167ms (next.js: 8ms, application-code: 159ms)
 GET /doctor/dashboard 200 in 159ms (next.js: 3ms, application-code: 155ms)
 GET /doctor/dashboard 200 in 134ms (next.js: 6ms, application-code: 128ms)
 GET /doctor/dashboard 200 in 134ms (next.js: 36ms, application-code: 98ms)
 GET /doctor/dashboard 200 in 323ms (next.js: 7ms, application-code: 317ms)
 GET /doctor/dashboard 200 in 297ms (next.js: 5ms, application-code: 291ms)
 GET /doctor/dashboard 200 in 413ms (next.js: 6ms, application-code: 407ms)
 GET /doctor/dashboard 200 in 479ms (next.js: 3ms, application-code: 475ms)
 GET /doctor/dashboard 200 in 457ms (next.js: 81ms, application-code: 376ms)
 GET /doctor/dashboard 200 in 593ms (next.js: 10ms, application-code: 584ms)
 GET /doctor/dashboard 200 in 817ms (next.js: 6ms, application-code: 810ms)
 GET /doctor/dashboard 200 in 679ms (next.js: 10ms, application-code: 669ms)
 GET /doctor/dashboard 200 in 587ms (next.js: 11ms, application-code: 576ms)
 GET /doctor/dashboard 200 in 447ms (next.js: 33ms, application-code: 414ms)
 GET /doctor/dashboard 200 in 170ms (next.js: 8ms, application-code: 162ms)
 GET /doctor/dashboard 200 in 171ms (next.js: 66ms, application-code: 105ms)
 GET /doctor/dashboard 200 in 290ms (next.js: 5ms, application-code: 285ms)
 GET /doctor/dashboard 200 in 334ms (next.js: 10ms, application-code: 325ms)
 GET /doctor/dashboard 200 in 330ms (next.js: 54ms, application-code: 276ms)
 GET /doctor/dashboard 200 in 332ms (next.js: 91ms, application-code: 240ms)
 GET /doctor/dashboard 200 in 342ms (next.js: 158ms, application-code: 184ms)
 GET /doctor/dashboard 200 in 215ms (next.js: 22ms, application-code: 193ms)
 GET /doctor/dashboard 200 in 210ms (next.js: 54ms, application-code: 155ms)
 GET /doctor/dashboard 200 in 274ms (next.js: 9ms, application-code: 265ms)
 GET /doctor/dashboard 200 in 275ms (next.js: 43ms, application-code: 231ms)
 GET /doctor/dashboard 200 in 211ms (next.js: 9ms, application-code: 202ms)
 GET /doctor/dashboard 200 in 252ms (next.js: 41ms, application-code: 212ms)
 GET /doctor/dashboard 200 in 196ms (next.js: 58ms, application-code: 137ms)
 GET /doctor/dashboard 200 in 250ms (next.js: 6ms, application-code: 244ms)
 GET /doctor/dashboard 200 in 396ms (next.js: 4ms, application-code: 391ms)
 GET /doctor/dashboard 200 in 398ms (next.js: 49ms, application-code: 349ms)
 GET /doctor/dashboard 200 in 322ms (next.js: 5ms, application-code: 317ms)
 GET /doctor/dashboard 200 in 128ms (next.js: 5ms, application-code: 123ms)
 GET /doctor/dashboard 200 in 125ms (next.js: 4ms, application-code: 121ms)
 GET /doctor/dashboard 200 in 155ms (next.js: 27ms, application-code: 128ms)
 GET /doctor/dashboard 200 in 195ms (next.js: 7ms, application-code: 188ms)
 GET /doctor/dashboard 200 in 195ms (next.js: 38ms, application-code: 158ms)
 GET /doctor/dashboard 200 in 163ms (next.js: 31ms, application-code: 132ms)
 GET /doctor/dashboard 200 in 106ms (next.js: 5ms, application-code: 101ms)
 GET /doctor/dashboard 200 in 162ms (next.js: 38ms, application-code: 124ms)
 GET /doctor/dashboard 200 in 158ms (next.js: 33ms, application-code: 125ms)
 GET /doctor/dashboard 200 in 190ms (next.js: 31ms, application-code: 159ms)
 GET /doctor/dashboard 200 in 191ms (next.js: 5ms, application-code: 186ms)
 GET /doctor/dashboard 200 in 136ms (next.js: 5ms, application-code: 131ms)
 GET /doctor/dashboard 200 in 105ms (next.js: 4ms, application-code: 101ms)
 GET /doctor/dashboard 200 in 135ms (next.js: 12ms, application-code: 123ms)
 GET /doctor/dashboard 200 in 166ms (next.js: 3ms, application-code: 163ms)
 GET /doctor/dashboard 200 in 256ms (next.js: 5ms, application-code: 251ms)
 GET /doctor/dashboard 200 in 257ms (next.js: 33ms, application-code: 224ms)
 GET /doctor/dashboard 200 in 208ms (next.js: 5ms, application-code: 204ms)
 GET /doctor/dashboard 200 in 274ms (next.js: 3ms, application-code: 270ms)
 GET /doctor/dashboard 200 in 245ms (next.js: 4ms, application-code: 241ms)
 GET /doctor/dashboard 200 in 246ms (next.js: 51ms, application-code: 195ms)
 GET /doctor/dashboard 200 in 283ms (next.js: 8ms, application-code: 275ms)
 GET /doctor/dashboard 200 in 284ms (next.js: 51ms, application-code: 233ms)
 GET /doctor/dashboard 200 in 196ms (next.js: 4ms, application-code: 192ms)
 GET /doctor/dashboard 200 in 256ms (next.js: 7ms, application-code: 249ms)
 GET /doctor/dashboard 200 in 219ms (next.js: 5ms, application-code: 213ms)
 GET /doctor/dashboard 200 in 251ms (next.js: 58ms, application-code: 193ms)
 GET /doctor/dashboard 200 in 172ms (next.js: 34ms, application-code: 137ms)
 GET /doctor/dashboard 200 in 173ms (next.js: 5ms, application-code: 169ms)
 GET /doctor/dashboard 200 in 139ms (next.js: 15ms, application-code: 125ms)
 GET /doctor/dashboard 200 in 176ms (next.js: 5ms, application-code: 171ms)
 GET /doctor/dashboard 200 in 144ms (next.js: 5ms, application-code: 139ms)
 GET /doctor/dashboard 200 in 143ms (next.js: 5ms, application-code: 138ms)
 GET /doctor/dashboard 200 in 139ms (next.js: 4ms, application-code: 135ms)
 GET /doctor/dashboard 200 in 140ms (next.js: 30ms, application-code: 110ms)
 GET /doctor/dashboard 200 in 119ms (next.js: 3ms, application-code: 115ms)
 GET /doctor/dashboard 200 in 174ms (next.js: 4ms, application-code: 170ms)
 GET /doctor/dashboard 200 in 153ms (next.js: 3ms, application-code: 150ms)
 GET /doctor/dashboard 200 in 153ms (next.js: 5ms, application-code: 148ms)
 GET /doctor/dashboard 200 in 151ms (next.js: 4ms, application-code: 147ms)
 GET /doctor/dashboard 200 in 161ms (next.js: 4ms, application-code: 157ms)
 GET /doctor/dashboard 200 in 162ms (next.js: 30ms, application-code: 131ms)
 GET /doctor/dashboard 200 in 177ms (next.js: 4ms, application-code: 173ms)
 GET /doctor/dashboard 200 in 150ms (next.js: 4ms, application-code: 146ms)
 GET /doctor/dashboard 200 in 145ms (next.js: 4ms, application-code: 141ms)
 GET /doctor/dashboard 200 in 135ms (next.js: 4ms, application-code: 131ms)
 GET /doctor/dashboard 200 in 132ms (next.js: 3ms, application-code: 129ms)
 GET /doctor/dashboard 200 in 111ms (next.js: 3ms, application-code: 108ms)
 GET /doctor/dashboard 200 in 136ms (next.js: 4ms, application-code: 132ms)
 GET /doctor/dashboard 200 in 134ms (next.js: 2ms, application-code: 131ms)
 GET /doctor/dashboard 200 in 136ms (next.js: 3ms, application-code: 133ms)
 GET /doctor/dashboard 200 in 137ms (next.js: 5ms, application-code: 132ms)
 GET /doctor/dashboard 200 in 138ms (next.js: 3ms, application-code: 135ms)
 GET /doctor/dashboard 200 in 114ms (next.js: 3ms, application-code: 111ms)
 GET /doctor/dashboard 200 in 115ms (next.js: 4ms, application-code: 111ms)
 GET /doctor/dashboard 200 in 142ms (next.js: 3ms, application-code: 139ms)
 GET /doctor/dashboard 200 in 156ms (next.js: 4ms, application-code: 153ms)
 GET /doctor/dashboard 200 in 153ms (next.js: 6ms, application-code: 147ms)
 GET /doctor/dashboard 200 in 151ms (next.js: 4ms, application-code: 147ms)
 GET /doctor/dashboard 200 in 149ms (next.js: 3ms, application-code: 146ms)
 GET /doctor/dashboard 200 in 146ms (next.js: 3ms, application-code: 143ms)
 GET /doctor/dashboard 200 in 136ms (next.js: 4ms, application-code: 133ms)
 GET /doctor/dashboard 200 in 135ms (next.js: 4ms, application-code: 132ms)
 GET /doctor/dashboard 200 in 134ms (next.js: 3ms, application-code: 131ms)
 GET /doctor/dashboard 200 in 134ms (next.js: 3ms, application-code: 131ms)
 GET /doctor/dashboard 200 in 135ms (next.js: 3ms, application-code: 132ms)
 GET /doctor/dashboard 200 in 134ms (next.js: 3ms, application-code: 132ms)
 GET /doctor/dashboard 200 in 136ms (next.js: 3ms, application-code: 133ms)
 GET /doctor/dashboard 200 in 112ms (next.js: 4ms, application-code: 108ms)
 GET /doctor/dashboard 200 in 84ms (next.js: 3ms, application-code: 82ms)
 GET /doctor/dashboard 200 in 57ms (next.js: 3ms, application-code: 54ms)
 GET /doctor/dashboard 200 in 32ms (next.js: 3ms, application-code: 29ms)
 GET /doctor/dashboard 200 in 129ms (next.js: 5ms, application-code: 124ms)
 GET /api/v1/doctors/me 500 in 104ms (next.js: 62ms, application-code: 41ms)
 GET /api/v1/doctors/me/today 500 in 85ms (next.js: 39ms, application-code: 45ms)
 GET /api/v1/doctors/me 500 in 47ms (next.js: 9ms, application-code: 38ms)
 GET /api/v1/doctors/me/today 500 in 18ms (next.js: 4ms, application-code: 14ms)
 GET /doctor/login 200 in 48ms (next.js: 24ms, application-code: 23ms)
 POST /api/v1/doctor-auth/login 502 in 54ms (next.js: 39ms, application-code: 15ms)
 POST /api/v1/doctor-auth/login 502 in 8ms (next.js: 1570µs, application-code: 7ms)
 POST /api/v1/doctor-auth/login 401 in 375ms (next.js: 2ms, application-code: 373ms)
 POST /api/v1/doctor-auth/login 401 in 276ms (next.js: 1828µs, application-code: 274ms)
 POST /api/v1/doctor-auth/login 200 in 542ms (next.js: 1866µs, application-code: 540ms)
 POST /api/v1/doctor-auth/verify-otp 200 in 367ms (next.js: 37ms, application-code: 330ms)
 GET /doctor/dashboard 200 in 29ms (next.js: 3ms, application-code: 26ms)
 GET /api/v1/doctors/me/today 200 in 220ms (next.js: 40ms, application-code: 180ms)
 GET /api/v1/doctors/me/today 200 in 26ms (next.js: 3ms, application-code: 23ms)
 GET /api/v1/doctors/me 200 in 2.4s (next.js: 2ms, application-code: 2.4s)
 GET /api/v1/doctors/me 200 in 2.2s (next.js: 2ms, application-code: 2.2s)
 GET /clinic/settings 200 in 88ms (next.js: 3ms, application-code: 85ms)
 GET /api/v1/clinics/setup/text-message-notifications 405 in 47ms (next.js: 34ms, application-code: 14ms)
 GET /api/v1/clinics/setup/fax-integration 405 in 75ms (next.js: 66ms, application-code: 9ms)
 GET /api/v1/clinics/me/settings/smtp 200 in 137ms (next.js: 30ms, application-code: 107ms)
 GET /api/v1/clinics/setup/text-message-notifications 405 in 23ms (next.js: 10ms, application-code: 12ms)
 GET /api/v1/clinics/setup/fax-integration 405 in 26ms (next.js: 22ms, application-code: 4ms)
 GET /api/v1/clinics/me/settings/profile 200 in 601ms (next.js: 481ms, application-code: 120ms)
 GET /api/v1/clinics/me/settings/credentials 200 in 417ms (next.js: 60ms, application-code: 357ms)
 GET /api/v1/clinics/me/settings/smtp 200 in 129ms (next.js: 60ms, application-code: 69ms)
 GET /api/v1/clinics/me/settings/profile 200 in 44ms (next.js: 9ms, application-code: 35ms)
 GET /api/v1/clinics/me/setup-status 200 in 489ms (next.js: 67ms, application-code: 422ms)
 GET /api/v1/clinics/me/settings/credentials 200 in 47ms (next.js: 2ms, application-code: 45ms)
 GET /api/v1/clinics/me/setup-status 200 in 51ms (next.js: 2ms, application-code: 49ms)
 GET /clinic/settings 200 in 13ms (next.js: 4ms, application-code: 9ms)
 GET /clinic/settings 200 in 39ms (next.js: 3ms, application-code: 36ms)
 PATCH /api/v1/clinics/me/settings/profile 200 in 29ms (next.js: 3ms, application-code: 27ms)
 GET /doctor/dashboard 200 in 44ms (next.js: 5ms, application-code: 39ms)
 GET /api/v1/doctors/me/today 200 in 46ms (next.js: 11ms, application-code: 34ms)
 GET /api/v1/doctors/me/today 200 in 75ms (next.js: 14ms, application-code: 61ms)
 GET /api/v1/doctors/me 200 in 2.2s (next.js: 5ms, application-code: 2.2s)
 GET /api/v1/doctors/me 200 in 2.2s (next.js: 2ms, application-code: 2.2s)
 GET /doctor/login 200 in 22ms (next.js: 3ms, application-code: 20ms)
 POST /api/v1/doctor-auth/login 200 in 508ms (next.js: 1995µs, application-code: 506ms)
 POST /api/v1/doctor-auth/verify-otp 200 in 306ms (next.js: 1831µs, application-code: 304ms)
 GET /doctor/dashboard 200 in 23ms (next.js: 2ms, application-code: 21ms)
 GET /api/v1/doctors/me/today 200 in 28ms (next.js: 9ms, application-code: 19ms)
 GET /api/v1/doctors/me/today 200 in 18ms (next.js: 2ms, application-code: 16ms)
 GET /api/v1/doctors/me 200 in 2.2s (next.js: 2ms, application-code: 2.2s)
 GET /api/v1/doctors/me 200 in 2.2s (next.js: 1638µs, application-code: 2.2s)
 GET /clinic/settings 200 in 50ms (next.js: 4ms, application-code: 45ms)
 GET /api/v1/clinics/setup/text-message-notifications 405 in 14ms (next.js: 10ms, application-code: 4ms)
 GET /api/v1/clinics/setup/fax-integration 405 in 23ms (next.js: 16ms, application-code: 7ms)
 GET /api/v1/clinics/me/settings/profile 200 in 123ms (next.js: 33ms, application-code: 90ms)
 GET /api/v1/clinics/me/settings/smtp 200 in 112ms (next.js: 25ms, application-code: 86ms)
 GET /api/v1/clinics/setup/text-message-notifications 405 in 44ms (next.js: 38ms, application-code: 6ms)
 GET /api/v1/clinics/me/settings/credentials 200 in 101ms (next.js: 19ms, application-code: 82ms)
 GET /api/v1/clinics/setup/fax-integration 405 in 172ms (next.js: 81ms, application-code: 91ms)
 GET /api/v1/clinics/me/setup-status 200 in 331ms (next.js: 24ms, application-code: 307ms)
 GET /api/v1/clinics/me/settings/smtp 200 in 153ms (next.js: 42ms, application-code: 111ms)
 GET /api/v1/clinics/me/settings/profile 200 in 159ms (next.js: 141ms, application-code: 19ms)
 GET /api/v1/clinics/me/settings/credentials 200 in 24ms (next.js: 8ms, application-code: 16ms)
 GET /api/v1/clinics/me/setup-status 200 in 57ms (next.js: 4ms, application-code: 53ms)
 GET /clinic/doctors 200 in 51ms (next.js: 27ms, application-code: 24ms)
 GET /api/v1/clinics/me/doctors/invites 200 in 64ms (next.js: 13ms, application-code: 51ms)
 GET /api/v1/clinics/me 500 in 133ms (next.js: 31ms, application-code: 102ms)
 GET /api/v1/clinics/me/doctors 200 in 102ms (next.js: 9ms, application-code: 93ms)
 GET /api/v1/clinics/me/doctors/invites 200 in 42ms (next.js: 6ms, application-code: 36ms)
 GET /api/v1/clinics/me 500 in 81ms (next.js: 4ms, application-code: 77ms)
 GET /api/v1/clinics/me/doctors 200 in 72ms (next.js: 3ms, application-code: 69ms)
 POST /api/v1/clinics/me/doctors/invite 201 in 93ms (next.js: 12ms, application-code: 80ms)
 GET /doctor/invite/89cN7_zy9yixL8JISWb2kQB_5dXmy9TdnmQiZDwIDig 200 in 490ms (next.js: 432ms, application-code: 58ms)
 GET /doctor/invite/89cN7_zy9yixL8JISWb2kQB_5dXmy9TdnmQiZDwIDig 200 in 59ms (next.js: 8ms, application-code: 51ms)
 GET /clinic/doctors 200 in 55ms (next.js: 3ms, application-code: 51ms)
 GET /api/v1/clinics/me/doctors/invites 200 in 342ms (next.js: 74ms, application-code: 268ms)
 GET /api/v1/clinics/me 500 in 375ms (next.js: 6ms, application-code: 369ms)
 GET /api/v1/clinics/me/doctors 200 in 356ms (next.js: 68ms, application-code: 288ms)
 GET /api/v1/clinics/me/doctors/invites 200 in 36ms (next.js: 4ms, application-code: 32ms)
 GET /api/v1/clinics/me/doctors 200 in 81ms (next.js: 5ms, application-code: 76ms)
 GET /api/v1/clinics/me/setup-status 200 in 469ms (next.js: 111ms, application-code: 358ms)
 GET /api/v1/clinics/me 500 in 150ms (next.js: 13ms, application-code: 137ms)
 GET /api/v1/clinics/me/setup-status 200 in 91ms (next.js: 5ms, application-code: 86ms)
 GET /doctor/dashboard 200 in 57ms (next.js: 5ms, application-code: 52ms)
 GET /api/v1/doctors/me/today 200 in 258ms (next.js: 19ms, application-code: 239ms)
 GET /api/v1/doctors/me/today 200 in 25ms (next.js: 4ms, application-code: 22ms)
 GET /api/v1/doctors/me 200 in 2.4s (next.js: 7ms, application-code: 2.4s)
 GET /doctor/login 200 in 27ms (next.js: 4ms, application-code: 23ms)
 GET /api/v1/doctors/me 200 in 2.1s (next.js: 2ms, application-code: 2.1s)
 POST /api/v1/doctor-auth/login 200 in 547ms (next.js: 2ms, application-code: 545ms)
 POST /api/v1/doctor-auth/verify-otp 200 in 308ms (next.js: 1868µs, application-code: 306ms)
 GET /doctor/dashboard 200 in 22ms (next.js: 2ms, application-code: 19ms)
 GET /api/v1/doctors/me/today 200 in 31ms (next.js: 8ms, application-code: 23ms)
 GET /api/v1/doctors/me/today 200 in 18ms (next.js: 1508µs, application-code: 16ms)
 GET /api/v1/doctors/me 200 in 2.1s (next.js: 2ms, application-code: 2.1s)
 GET /api/v1/doctors/me 200 in 2.1s (next.js: 1966µs, application-code: 2.1s)
 GET /clinic/doctors 200 in 47ms (next.js: 3ms, application-code: 44ms)
 GET /api/v1/clinics/me 401 in 166ms (next.js: 8ms, application-code: 158ms)
 GET /api/v1/clinics/me/doctors 401 in 277ms (next.js: 19ms, application-code: 257ms)
 GET /api/v1/clinics/me/doctors/invites 401 in 283ms (next.js: 34ms, application-code: 249ms)
 GET /api/v1/clinics/me/setup-status 401 in 285ms (next.js: 68ms, application-code: 217ms)
 GET /api/v1/clinics/me 401 in 74ms (next.js: 25ms, application-code: 49ms)
 GET /api/v1/clinics/me/doctors 401 in 71ms (next.js: 28ms, application-code: 43ms)
 GET /api/v1/clinics/me/doctors/invites 401 in 72ms (next.js: 48ms, application-code: 24ms)
 GET /api/v1/clinics/me/setup-status 401 in 68ms (next.js: 49ms, application-code: 18ms)
 GET /clinic/doctors 200 in 9ms (next.js: 2ms, application-code: 6ms)
 GET /clinic/doctors 200 in 27ms (next.js: 3ms, application-code: 24ms)
 GET /clinic/doctors/schedule 200 in 54ms (next.js: 32ms, application-code: 23ms)
 GET /api/v1/clinics/me/doctors 401 in 89ms (next.js: 15ms, application-code: 74ms)
 GET /api/v1/clinics/me/availability 401 in 105ms (next.js: 5ms, application-code: 101ms)
 GET /api/v1/clinics/me/doctors 401 in 26ms (next.js: 7ms, application-code: 19ms)
 GET /api/v1/clinics/me/availability 401 in 19ms (next.js: 3ms, application-code: 16ms)
 GET /clinic/doctors 200 in 25ms (next.js: 2ms, application-code: 22ms)
 GET /api/v1/clinics/me 401 in 13ms (next.js: 4ms, application-code: 9ms)
 GET /api/v1/clinics/me 401 in 20ms (next.js: 3ms, application-code: 18ms)
 GET /api/v1/clinics/me/doctors 401 in 29ms (next.js: 12ms, application-code: 17ms)
 GET /api/v1/clinics/me/doctors/invites 401 in 24ms (next.js: 7ms, application-code: 17ms)
 GET /api/v1/clinics/me/doctors 401 in 8ms (next.js: 1722µs, application-code: 7ms)
 GET /api/v1/clinics/me/doctors/invites 401 in 8ms (next.js: 1512µs, application-code: 6ms)
 GET /login 200 in 61ms (next.js: 26ms, application-code: 34ms)
 POST /api/v1/clinic-auth/login 200 in 317ms (next.js: 34ms, application-code: 284ms)
 POST /api/v1/clinic-auth/verify-otp 200 in 221ms (next.js: 39ms, application-code: 182ms)
 GET /clinic/dashboard 200 in 131ms (next.js: 52ms, application-code: 80ms)
 GET /api/v1/clinics/me/doctors/invites 200 in 67ms (next.js: 27ms, application-code: 40ms)
 GET /api/v1/clinics/me/doctors/invites 200 in 23ms (next.js: 5ms, application-code: 18ms)
 GET /api/v1/clinics/me/setup-status 200 in 162ms (next.js: 26ms, application-code: 136ms)
 GET /api/v1/clinics/me/setup-status 200 in 81ms (next.js: 11ms, application-code: 70ms)
 GET /api/v1/clinics/me/setup-status 200 in 138ms (next.js: 3ms, application-code: 134ms)
 GET /api/v1/clinics/me/setup-status 200 in 133ms (next.js: 4ms, application-code: 129ms)
 GET /clinic/appointments/today 200 in 134ms (next.js: 81ms, application-code: 53ms)
 GET /api/v1/clinics/me/today 200 in 72ms (next.js: 6ms, application-code: 66ms)
 GET /api/v1/clinics/me/today 200 in 42ms (next.js: 8ms, application-code: 35ms)
 GET /clinic/doctors 200 in 32ms (next.js: 3ms, application-code: 30ms)
 GET /api/v1/clinics/me 200 in 31ms (next.js: 3ms, application-code: 28ms)
 GET /api/v1/clinics/me/doctors 200 in 66ms (next.js: 8ms, application-code: 58ms)
 GET /api/v1/clinics/me/doctors/invites 200 in 148ms (next.js: 49ms, application-code: 99ms)
 GET /api/v1/clinics/me/doctors 200 in 30ms (next.js: 2ms, application-code: 28ms)
 GET /api/v1/clinics/me 200 in 256ms (next.js: 4ms, application-code: 252ms)
 GET /api/v1/clinics/me/doctors/invites 200 in 433ms (next.js: 2ms, application-code: 431ms)
 GET /clinic/doctors/schedule 200 in 26ms (next.js: 3ms, application-code: 24ms)
 GET /api/v1/clinics/me/doctors 200 in 30ms (next.js: 8ms, application-code: 21ms)
 GET /api/v1/clinics/me/doctors 200 in 17ms (next.js: 3ms, application-code: 14ms)
 GET /api/v1/clinics/me/availability 200 in 131ms (next.js: 2ms, application-code: 129ms)
 GET /api/v1/clinics/me/availability 200 in 29ms (next.js: 4ms, application-code: 25ms)
 GET /clinic/settings 200 in 45ms (next.js: 3ms, application-code: 42ms)
 GET /api/v1/clinics/setup/text-message-notifications 405 in 9ms (next.js: 4ms, application-code: 5ms)
 GET /api/v1/clinics/setup/fax-integration 405 in 77ms (next.js: 73ms, application-code: 5ms)
 GET /api/v1/clinics/me/settings/profile 200 in 191ms (next.js: 3ms, application-code: 188ms)
 GET /api/v1/clinics/me/settings/smtp 200 in 276ms (next.js: 173ms, application-code: 103ms)
 GET /api/v1/clinics/setup/fax-integration 405 in 8ms (next.js: 5ms, application-code: 3ms)
 GET /api/v1/clinics/setup/text-message-notifications 405 in 13ms (next.js: 10ms, application-code: 3ms)
 GET /api/v1/clinics/me/settings/profile 200 in 37ms (next.js: 13ms, application-code: 24ms)
 GET /api/v1/clinics/me/settings/smtp 200 in 32ms (next.js: 2ms, application-code: 30ms)
 GET /api/v1/clinics/me/settings/credentials 200 in 46ms (next.js: 13ms, application-code: 33ms)
 GET /api/v1/clinics/me/settings/credentials 200 in 18ms (next.js: 3ms, application-code: 15ms)
 GET /clinic/analytics 200 in 51ms (next.js: 28ms, application-code: 23ms)
 GET /api/v1/clinics/me/analytics/overview?range=30d 200 in 69ms (next.js: 16ms, application-code: 53ms)
 GET /api/v1/clinics/me/analytics/appointments?range=30d&groupBy=month 200 in 54ms (next.js: 5ms, application-code: 50ms)
 GET /api/v1/clinics/me/analytics/overview?range=30d 200 in 249ms (next.js: 8ms, application-code: 242ms)
 GET /api/v1/clinics/me/analytics/appointments?range=30d&groupBy=month 200 in 205ms (next.js: 23ms, application-code: 182ms)
 GET /api/v1/clinics/me/analytics/doctors?range=30d 200 in 378ms (next.js: 5ms, application-code: 373ms)
 GET /clinic/settings 200 in 37ms (next.js: 5ms, application-code: 33ms)
 GET /api/v1/clinics/me/analytics/doctors?range=30d 200 in 130ms (next.js: 32ms, application-code: 98ms)
 GET /api/v1/clinics/me/analytics/pool?range=30d 200 in 539ms (next.js: 22ms, application-code: 516ms)
 GET /api/v1/clinics/me/analytics/patients?range=30d 200 in 544ms (next.js: 10ms, application-code: 535ms)
 GET /api/v1/clinics/me/analytics/pool?range=30d 200 in 26ms (next.js: 4ms, application-code: 23ms)
 GET /api/v1/clinics/me/analytics/patients?range=30d 200 in 28ms (next.js: 8ms, application-code: 20ms)
 GET /api/v1/clinics/setup/text-message-notifications 405 in 8ms (next.js: 4ms, application-code: 4ms)
 GET /api/v1/clinics/setup/fax-integration 405 in 16ms (next.js: 11ms, application-code: 5ms)
 GET /api/v1/clinics/me/settings/profile 200 in 34ms (next.js: 1828µs, application-code: 32ms)
 GET /api/v1/clinics/setup/text-message-notifications 405 in 7ms (next.js: 4ms, application-code: 3ms)
 GET /api/v1/clinics/setup/fax-integration 405 in 12ms (next.js: 8ms, application-code: 4ms)
 GET /api/v1/clinics/me/settings/smtp 200 in 47ms (next.js: 18ms, application-code: 29ms)
 GET /api/v1/clinics/me/settings/profile 200 in 72ms (next.js: 11ms, application-code: 61ms)
 GET /api/v1/clinics/me/settings/credentials 200 in 98ms (next.js: 6ms, application-code: 93ms)
 GET /api/v1/clinics/me/settings/smtp 200 in 90ms (next.js: 12ms, application-code: 78ms)
 GET /api/v1/clinics/me/settings/credentials 200 in 21ms (next.js: 3ms, application-code: 18ms)
 GET /doctor/dashboard 200 in 41ms (next.js: 3ms, application-code: 38ms)
 GET /api/v1/doctors/me/today 200 in 69ms (next.js: 10ms, application-code: 59ms)
 GET /api/v1/doctors/me/today 200 in 21ms (next.js: 2ms, application-code: 19ms)
 GET /api/v1/doctors/me 200 in 2.2s (next.js: 4ms, application-code: 2.1s)
 GET /doctor/login 200 in 27ms (next.js: 3ms, application-code: 25ms)
 GET /api/v1/doctors/me 200 in 2.1s (next.js: 2ms, application-code: 2.1s)
 POST /api/v1/doctor-auth/login 200 in 506ms (next.js: 2ms, application-code: 503ms)
 POST /api/v1/doctor-auth/verify-otp 200 in 300ms (next.js: 1805µs, application-code: 298ms)
 GET /doctor/dashboard 200 in 21ms (next.js: 2ms, application-code: 19ms)
 GET /api/v1/doctors/me/today 200 in 29ms (next.js: 8ms, application-code: 21ms)
 GET /api/v1/doctors/me/today 200 in 17ms (next.js: 1659µs, application-code: 16ms)
 GET /api/v1/doctors/me 200 in 2.1s (next.js: 1908µs, application-code: 2.1s)
 GET /api/v1/doctors/me 200 in 2.1s (next.js: 1548µs, application-code: 2.1s)
 OPTIONS /api/v1/clinics/me/settings/smtp 204 in 8ms (next.js: 2ms, application-code: 6ms)
 GET /doctor/dashboard 200 in 44ms (next.js: 3ms, application-code: 41ms)
 GET /api/v1/doctors/me/today 200 in 239ms (next.js: 11ms, application-code: 229ms)
 GET /api/v1/doctors/me/today 200 in 21ms (next.js: 3ms, application-code: 18ms)
 GET /api/v1/doctors/me 200 in 2.4s (next.js: 5ms, application-code: 2.4s)
 GET /api/v1/doctors/me 200 in 2.1s (next.js: 1603µs, application-code: 2.1s)
 GET /doctor/login 200 in 65ms (next.js: 3ms, application-code: 62ms)
 POST /api/v1/doctor-auth/login 200 in 554ms (next.js: 3ms, application-code: 551ms)
 POST /api/v1/doctor-auth/verify-otp 200 in 2.6s (next.js: 2ms, application-code: 2.6s)
 GET /doctor/dashboard 200 in 23ms (next.js: 2ms, application-code: 20ms)
 GET /api/v1/doctors/me/today 200 in 56ms (next.js: 8ms, application-code: 47ms)
 GET /api/v1/doctors/me/today 200 in 21ms (next.js: 1847µs, application-code: 20ms)
 GET /api/v1/doctors/me 200 in 2.2s (next.js: 3ms, application-code: 2.1s)
 GET /api/v1/doctors/me 200 in 2.2s (next.js: 1581µs, application-code: 2.2s)
 GET /doctor/login 200 in 24ms (next.js: 3ms, application-code: 21ms)
 POST /api/v1/doctor-auth/login 200 in 523ms (next.js: 2ms, application-code: 521ms)
 POST /api/v1/doctor-auth/verify-otp 200 in 2.6s (next.js: 1873µs, application-code: 2.6s)
 GET /doctor/dashboard 200 in 26ms (next.js: 2ms, application-code: 23ms)
 GET /api/v1/doctors/me/today 200 in 44ms (next.js: 9ms, application-code: 35ms)
 GET /api/v1/doctors/me/today 200 in 27ms (next.js: 1498µs, application-code: 25ms)
 GET /api/v1/doctors/me 200 in 2.2s (next.js: 1683µs, application-code: 2.2s)
 GET /api/v1/doctors/me 200 in 2.1s (next.js: 3ms, application-code: 2.1s)
 GET /doctor/dashboard 200 in 47ms (next.js: 3ms, application-code: 44ms)
 GET /api/v1/doctors/me/today 200 in 225ms (next.js: 11ms, application-code: 214ms)
 GET /api/v1/doctors/me/today 200 in 33ms (next.js: 1946µs, application-code: 31ms)
 GET /api/v1/doctors/me 200 in 2.4s (next.js: 4ms, application-code: 2.3s)
 GET /api/v1/doctors/me 200 in 2.2s (next.js: 1931µs, application-code: 2.2s)
 GET /doctor/login 200 in 48ms (next.js: 4ms, application-code: 45ms)
 POST /api/v1/doctor-auth/login 200 in 554ms (next.js: 2ms, application-code: 552ms)
 POST /api/v1/doctor-auth/verify-otp 200 in 2.5s (next.js: 1881µs, application-code: 2.5s)
 GET /doctor/dashboard 200 in 75ms (next.js: 5ms, application-code: 70ms)
 GET /api/v1/doctors/me/today 200 in 57ms (next.js: 18ms, application-code: 38ms)
 GET /api/v1/doctors/me/today 200 in 51ms (next.js: 3ms, application-code: 48ms)
 GET /api/v1/doctors/me 200 in 2.2s (next.js: 25ms, application-code: 2.2s)
 GET /api/v1/doctors/me 200 in 2.2s (next.js: 1593µs, application-code: 2.2s)
✓ Compiled in 494ms
 GET /api/v1/doctors/me/today 200 in 61ms (next.js: 26ms, application-code: 35ms)
 GET /api/v1/clinics/setup/text-message-notifications 405 in 11ms (next.js: 3ms, application-code: 8ms)
 GET /api/v1/clinics/setup/fax-integration 405 in 5ms (next.js: 1976µs, application-code: 3ms)
 GET /api/v1/clinics/me/settings/profile 200 in 44ms (next.js: 2ms, application-code: 42ms)
 GET /api/v1/clinics/me/settings/smtp 200 in 75ms (next.js: 5ms, application-code: 70ms)
 GET /api/v1/clinics/me/settings/credentials 200 in 75ms (next.js: 15ms, application-code: 60ms)
 GET /api/v1/clinics/me/setup-status 200 in 104ms (next.js: 2ms, application-code: 102ms)
 GET /api/v1/doctors/me 200 in 2.2s (next.js: 3ms, application-code: 2.2s)
✓ Compiled in 105ms
 GET /clinic/doctors/schedule 200 in 130ms (next.js: 81ms, application-code: 49ms)
 GET /api/v1/clinics/me/availability 200 in 263ms (next.js: 3ms, application-code: 260ms)
 GET /api/v1/clinics/me/doctors 200 in 283ms (next.js: 10ms, application-code: 274ms)
 GET /api/v1/clinics/me/availability 200 in 38ms (next.js: 3ms, application-code: 35ms)
 GET /api/v1/clinics/me/doctors 200 in 50ms (next.js: 8ms, application-code: 42ms)
 POST /api/v1/clinics/me/availability 405 in 23ms (next.js: 8ms, application-code: 15ms)
 GET /doctor/dashboard 200 in 199ms (next.js: 70ms, application-code: 129ms)
 GET /api/v1/doctors/me/today 200 in 237ms (next.js: 11ms, application-code: 227ms)
 GET /api/v1/doctors/me/today 200 in 36ms (next.js: 2ms, application-code: 34ms)
 GET /api/v1/doctors/me 200 in 2.4s (next.js: 5ms, application-code: 2.4s)
 GET /api/v1/doctors/me 200 in 2.2s (next.js: 3ms, application-code: 2.2s)
 GET /doctor/login 200 in 108ms (next.js: 67ms, application-code: 41ms)
 POST /api/v1/doctor-auth/login 401 in 25ms (next.js: 2ms, application-code: 22ms)
 POST /api/v1/doctor-auth/login 200 in 534ms (next.js: 2ms, application-code: 532ms)
 POST /api/v1/doctor-auth/verify-otp 200 in 2.5s (next.js: 1786µs, application-code: 2.5s)
 GET /doctor/dashboard 200 in 21ms (next.js: 2ms, application-code: 19ms)
 GET /api/v1/doctors/me/today 200 in 26ms (next.js: 8ms, application-code: 19ms)
 GET /api/v1/doctors/me/today 200 in 17ms (next.js: 1576µs, application-code: 16ms)
 GET /api/v1/doctors/me 200 in 2.2s (next.js: 3ms, application-code: 2.2s)
 GET /api/v1/doctors/me 200 in 2.1s (next.js: 1589µs, application-code: 2.1s)
 POST /api/v1/clinics/me/availability 401 in 22ms (next.js: 9ms, application-code: 13ms)
 GET /clinic/doctors/schedule 200 in 140ms (next.js: 4ms, application-code: 136ms)
 GET /api/v1/clinics/me/availability 200 in 657ms (next.js: 243ms, application-code: 415ms)
 GET /api/v1/clinics/me/doctors 200 in 661ms (next.js: 171ms, application-code: 491ms)
 GET /api/v1/clinics/me/availability 200 in 36ms (next.js: 4ms, application-code: 32ms)
 GET /api/v1/clinics/me/setup-status 200 in 720ms (next.js: 306ms, application-code: 414ms)
 GET /api/v1/clinics/me/doctors 200 in 53ms (next.js: 8ms, application-code: 45ms)
 GET /api/v1/clinics/me/setup-status 200 in 61ms (next.js: 4ms, application-code: 57ms)
 POST /api/v1/clinics/me/availability 201 in 45ms (next.js: 8ms, application-code: 37ms)
 GET /api/v1/clinics/me/availability 200 in 21ms (next.js: 2ms, application-code: 18ms)
 GET /api/v1/clinics/me/doctors 200 in 21ms (next.js: 3ms, application-code: 19ms)
 GET /doctor/login 200 in 28ms (next.js: 4ms, application-code: 24ms)
 POST /api/v1/doctor-auth/login 200 in 554ms (next.js: 2ms, application-code: 552ms)
 POST /api/v1/doctor-auth/verify-otp 200 in 2.5s (next.js: 3ms, application-code: 2.5s)
 GET /doctor/dashboard 200 in 27ms (next.js: 2ms, application-code: 25ms)
 GET /api/v1/doctors/me/today 200 in 43ms (next.js: 9ms, application-code: 34ms)
 GET /api/v1/doctors/me/today 200 in 32ms (next.js: 1571µs, application-code: 31ms)
 GET /api/v1/doctors/me 200 in 2.1s (next.js: 3ms, application-code: 2.1s)
 GET /api/v1/doctors/me 200 in 2.1s (next.js: 1787µs, application-code: 2.1s)
 GET /clinic/analytics 200 in 116ms (next.js: 76ms, application-code: 41ms)
 GET /api/v1/clinics/me/analytics/overview?range=30d 200 in 156ms (next.js: 32ms, application-code: 124ms)
 GET /api/v1/clinics/me/analytics/appointments?range=30d&groupBy=month 200 in 159ms (next.js: 45ms, application-code: 114ms)
 GET /api/v1/clinics/me/analytics/doctors?range=30d 200 in 167ms (next.js: 52ms, application-code: 115ms)
 GET /api/v1/clinics/me/analytics/overview?range=30d 200 in 188ms (next.js: 5ms, application-code: 183ms)
 GET /api/v1/clinics/me/analytics/doctors?range=30d 200 in 189ms (next.js: 35ms, application-code: 154ms)
 GET /api/v1/clinics/me/analytics/appointments?range=30d&groupBy=month 200 in 193ms (next.js: 10ms, application-code: 184ms)
 GET /api/v1/clinics/me/analytics/patients?range=30d 200 in 330ms (next.js: 13ms, application-code: 316ms)
 GET /api/v1/clinics/me/analytics/patients?range=30d 200 in 26ms (next.js: 4ms, application-code: 23ms)
 GET /api/v1/clinics/me/analytics/pool?range=30d 200 in 471ms (next.js: 6ms, application-code: 466ms)
 GET /api/v1/clinics/me/analytics/pool?range=30d 200 in 23ms (next.js: 2ms, application-code: 21ms)
 GET /login 200 in 103ms (next.js: 68ms, application-code: 35ms)
✓ Compiled in 78ms
